<?xml version="1.0" encoding="UTF-8"?>
<!-- Generated by org.testng.reporters.JUnitXMLReporter -->
<testsuite hostname="nb-solg" tests="8" failures="1" timestamp="20 Dec 2016 14:35:44 GMT" time="4.27" errors="0">
  <testcase name="addNewInstrumentsToUser" time="1.882" classname="ActorsTest"/>
  <testcase name="addNotUnigueActorTest" time="0.328" classname="ActorsTest"/>
  <testcase name="addUniqueActorTest" time="0.157" classname="ActorsTest"/>
  <testcase name="deleteActorTest" time="0.181" classname="ActorsTest"/>
  <testcase name="findAllActorsWithMusicalInstruments2or6" time="0.294" classname="ActorsTest"/>
  <testcase name="findAllActorsWithSizeAndCurrentPlays" time="0.03" classname="ActorsTest"/>
  <testcase name="updateExistingActorTest" time="0.608" classname="ActorsTest"/>
  <testcase name="addUniqueInstrumentTest" time="0.021" classname="MusicalInstrumentsTest">
    <failure type="com.fasterxml.jackson.databind.JsonMappingException" message="Can not deserialize instance of com.example.models.MusicalInstrumentsModel[] out of START_OBJECT token
 at [Source: java.io.StringReader@34645867; line: 1, column: 1]">
      <![CDATA[com.fasterxml.jackson.databind.JsonMappingException: Can not deserialize instance of com.example.models.MusicalInstrumentsModel[] out of START_OBJECT token
 at [Source: java.io.StringReader@34645867; line: 1, column: 1]
	at com.fasterxml.jackson.databind.JsonMappingException.from(JsonMappingException.java:164)
	at com.fasterxml.jackson.databind.DeserializationContext.mappingException(DeserializationContext.java:575)
	at com.fasterxml.jackson.databind.DeserializationContext.mappingException(DeserializationContext.java:569)
	at com.fasterxml.jackson.databind.deser.std.ObjectArrayDeserializer.handleNonArray(ObjectArrayDeserializer.java:224)
	at com.fasterxml.jackson.databind.deser.std.ObjectArrayDeserializer.deserialize(ObjectArrayDeserializer.java:135)
	at com.fasterxml.jackson.databind.deser.std.ObjectArrayDeserializer.deserialize(ObjectArrayDeserializer.java:18)
	at com.fasterxml.jackson.databind.ObjectMapper._readMapAndClose(ObjectMapper.java:2888)
	at com.fasterxml.jackson.databind.ObjectMapper.readValue(ObjectMapper.java:2048)
	at com.fasterxml.jackson.databind.ObjectMapper$readValue$2.call(Unknown Source)
	at io.restassured.internal.path.json.mapping.JsonPathJackson2ObjectDeserializer.deserialize(JsonPathJackson2ObjectDeserializer.groovy:45)
	at io.restassured.path.json.mapping.JsonPathObjectDeserializer$deserialize.call(Unknown Source)
	at io.restassured.internal.mapping.Jackson2Mapper.deserialize(Jackson2Mapper.groovy:58)
	at io.restassured.mapper.ObjectMapper$deserialize$0.call(Unknown Source)
	at io.restassured.internal.mapping.ObjectMapping.parseWithJackson2(ObjectMapping.groovy:202)
	at io.restassured.internal.mapping.ObjectMapping$parseWithJackson2$1.callStatic(Unknown Source)
	at io.restassured.internal.mapping.ObjectMapping.deserialize(ObjectMapping.groovy:55)
	at io.restassured.internal.mapping.ObjectMapping$deserialize$0.call(Unknown Source)
	at io.restassured.internal.RestAssuredResponseOptionsGroovyImpl.as(RestAssuredResponseOptionsGroovyImpl.groovy:222)
	at io.restassured.internal.RestAssuredResponseOptionsImpl.as(RestAssuredResponseOptionsImpl.java:164)
	at MusicalInstruments.getAllInst(MusicalInstruments.java:31)
	at MusicalInstrumentsTest.addUniqueInstrumentTest(MusicalInstrumentsTest.java:33)
... Removed 29 stack frames]]>
    </failure>
  </testcase> <!-- addUniqueInstrumentTest -->
</testsuite>
