<?xml version="1.0" encoding="UTF-8"?>
<testng-results skipped="0" failed="1" total="8" passed="7">
  <reporter-output>
  </reporter-output>
  <suite name="Surefire suite" duration-ms="4270" started-at="2016-12-20T14:35:40Z" finished-at="2016-12-20T14:35:44Z">
    <groups>
    </groups>
    <test name="Surefire test" duration-ms="4270" started-at="2016-12-20T14:35:40Z" finished-at="2016-12-20T14:35:44Z">
      <class name="MusicalInstrumentsTest">
        <test-method status="PASS" signature="setup()[pri:0, instance:MusicalInstrumentsTest@7f690630]" name="setup" is-config="true" duration-ms="0" started-at="2016-12-20T16:35:44Z" finished-at="2016-12-20T16:35:44Z">
          <reporter-output>
          </reporter-output>
        </test-method> <!-- setup -->
        <test-method status="FAIL" signature="addUniqueInstrumentTest()[pri:0, instance:MusicalInstrumentsTest@7f690630]" name="addUniqueInstrumentTest" duration-ms="21" started-at="2016-12-20T16:35:44Z" finished-at="2016-12-20T16:35:44Z">
          <exception class="com.fasterxml.jackson.databind.JsonMappingException">
            <message>
              <![CDATA[Can not deserialize instance of com.example.models.MusicalInstrumentsModel[] out of START_OBJECT token
 at [Source: java.io.StringReader@34645867; line: 1, column: 1]]]>
            </message>
            <full-stacktrace>
              <![CDATA[com.fasterxml.jackson.databind.JsonMappingException: Can not deserialize instance of com.example.models.MusicalInstrumentsModel[] out of START_OBJECT token
 at [Source: java.io.StringReader@34645867; line: 1, column: 1]
	at com.fasterxml.jackson.databind.JsonMappingException.from(JsonMappingException.java:164)
	at com.fasterxml.jackson.databind.DeserializationContext.mappingException(DeserializationContext.java:575)
	at com.fasterxml.jackson.databind.DeserializationContext.mappingException(DeserializationContext.java:569)
	at com.fasterxml.jackson.databind.deser.std.ObjectArrayDeserializer.handleNonArray(ObjectArrayDeserializer.java:224)
	at com.fasterxml.jackson.databind.deser.std.ObjectArrayDeserializer.deserialize(ObjectArrayDeserializer.java:135)
	at com.fasterxml.jackson.databind.deser.std.ObjectArrayDeserializer.deserialize(ObjectArrayDeserializer.java:18)
	at com.fasterxml.jackson.databind.ObjectMapper._readMapAndClose(ObjectMapper.java:2888)
	at com.fasterxml.jackson.databind.ObjectMapper.readValue(ObjectMapper.java:2048)
	at com.fasterxml.jackson.databind.ObjectMapper$readValue$2.call(Unknown Source)
	at io.restassured.internal.path.json.mapping.JsonPathJackson2ObjectDeserializer.deserialize(JsonPathJackson2ObjectDeserializer.groovy:45)
	at io.restassured.path.json.mapping.JsonPathObjectDeserializer$deserialize.call(Unknown Source)
	at io.restassured.internal.mapping.Jackson2Mapper.deserialize(Jackson2Mapper.groovy:58)
	at io.restassured.mapper.ObjectMapper$deserialize$0.call(Unknown Source)
	at io.restassured.internal.mapping.ObjectMapping.parseWithJackson2(ObjectMapping.groovy:202)
	at io.restassured.internal.mapping.ObjectMapping$parseWithJackson2$1.callStatic(Unknown Source)
	at io.restassured.internal.mapping.ObjectMapping.deserialize(ObjectMapping.groovy:55)
	at io.restassured.internal.mapping.ObjectMapping$deserialize$0.call(Unknown Source)
	at io.restassured.internal.RestAssuredResponseOptionsGroovyImpl.as(RestAssuredResponseOptionsGroovyImpl.groovy:222)
	at io.restassured.internal.RestAssuredResponseOptionsImpl.as(RestAssuredResponseOptionsImpl.java:164)
	at MusicalInstruments.getAllInst(MusicalInstruments.java:31)
	at MusicalInstrumentsTest.addUniqueInstrumentTest(MusicalInstrumentsTest.java:33)
	at sun.reflect.NativeMethodAccessorImpl.invoke0(Native Method)
	at sun.reflect.NativeMethodAccessorImpl.invoke(NativeMethodAccessorImpl.java:62)
	at sun.reflect.DelegatingMethodAccessorImpl.invoke(DelegatingMethodAccessorImpl.java:43)
	at java.lang.reflect.Method.invoke(Method.java:498)
	at org.testng.internal.MethodInvocationHelper.invokeMethod(MethodInvocationHelper.java:100)
	at org.testng.internal.Invoker.invokeMethod(Invoker.java:646)
	at org.testng.internal.Invoker.invokeTestMethod(Invoker.java:811)
	at org.testng.internal.Invoker.invokeTestMethods(Invoker.java:1137)
	at org.testng.internal.TestMethodWorker.invokeTestMethods(TestMethodWorker.java:129)
	at org.testng.internal.TestMethodWorker.run(TestMethodWorker.java:112)
	at org.testng.TestRunner.privateRun(TestRunner.java:753)
	at org.testng.TestRunner.run(TestRunner.java:607)
	at org.testng.SuiteRunner.runTest(SuiteRunner.java:368)
	at org.testng.SuiteRunner.runSequentially(SuiteRunner.java:363)
	at org.testng.SuiteRunner.privateRun(SuiteRunner.java:321)
	at org.testng.SuiteRunner.run(SuiteRunner.java:270)
	at org.testng.SuiteRunnerWorker.runSuite(SuiteRunnerWorker.java:52)
	at org.testng.SuiteRunnerWorker.run(SuiteRunnerWorker.java:86)
	at org.testng.TestNG.runSuitesSequentially(TestNG.java:1284)
	at org.testng.TestNG.runSuitesLocally(TestNG.java:1209)
	at org.testng.TestNG.runSuites(TestNG.java:1124)
	at org.testng.TestNG.run(TestNG.java:1096)
	at org.apache.maven.surefire.testng.TestNGExecutor.run(TestNGExecutor.java:132)
	at org.apache.maven.surefire.testng.TestNGDirectoryTestSuite.executeMulti(TestNGDirectoryTestSuite.java:193)
	at org.apache.maven.surefire.testng.TestNGDirectoryTestSuite.execute(TestNGDirectoryTestSuite.java:94)
	at org.apache.maven.surefire.testng.TestNGProvider.invoke(TestNGProvider.java:147)
	at org.apache.maven.surefire.booter.ForkedBooter.invokeProviderInSameClassLoader(ForkedBooter.java:290)
	at org.apache.maven.surefire.booter.ForkedBooter.runSuitesInProcess(ForkedBooter.java:242)
	at org.apache.maven.surefire.booter.ForkedBooter.main(ForkedBooter.java:121)
]]>
            </full-stacktrace>
          </exception> <!-- com.fasterxml.jackson.databind.JsonMappingException -->
          <reporter-output>
          </reporter-output>
        </test-method> <!-- addUniqueInstrumentTest -->
      </class> <!-- MusicalInstrumentsTest -->
      <class name="ActorsTest">
        <test-method status="PASS" signature="setup()[pri:0, instance:ActorsTest@35f983a6]" name="setup" is-config="true" duration-ms="521" started-at="2016-12-20T16:35:40Z" finished-at="2016-12-20T16:35:41Z">
          <reporter-output>
          </reporter-output>
        </test-method> <!-- setup -->
        <test-method status="PASS" signature="addNewInstrumentsToUser()[pri:0, instance:ActorsTest@35f983a6]" name="addNewInstrumentsToUser" duration-ms="1882" started-at="2016-12-20T16:35:41Z" finished-at="2016-12-20T16:35:43Z">
          <reporter-output>
          </reporter-output>
        </test-method> <!-- addNewInstrumentsToUser -->
        <test-method status="PASS" signature="addNotUnigueActorTest()[pri:0, instance:ActorsTest@35f983a6]" name="addNotUnigueActorTest" duration-ms="328" started-at="2016-12-20T16:35:43Z" finished-at="2016-12-20T16:35:43Z">
          <reporter-output>
          </reporter-output>
        </test-method> <!-- addNotUnigueActorTest -->
        <test-method status="PASS" signature="addUniqueActorTest()[pri:0, instance:ActorsTest@35f983a6]" name="addUniqueActorTest" duration-ms="157" started-at="2016-12-20T16:35:43Z" finished-at="2016-12-20T16:35:43Z">
          <reporter-output>
          </reporter-output>
        </test-method> <!-- addUniqueActorTest -->
        <test-method status="PASS" signature="deleteActorTest()[pri:0, instance:ActorsTest@35f983a6]" name="deleteActorTest" duration-ms="181" started-at="2016-12-20T16:35:43Z" finished-at="2016-12-20T16:35:43Z">
          <reporter-output>
          </reporter-output>
        </test-method> <!-- deleteActorTest -->
        <test-method status="PASS" signature="findAllActorsWithMusicalInstruments2or6()[pri:0, instance:ActorsTest@35f983a6]" name="findAllActorsWithMusicalInstruments2or6" duration-ms="294" started-at="2016-12-20T16:35:43Z" finished-at="2016-12-20T16:35:44Z">
          <reporter-output>
          </reporter-output>
        </test-method> <!-- findAllActorsWithMusicalInstruments2or6 -->
        <test-method status="PASS" signature="findAllActorsWithSizeAndCurrentPlays()[pri:0, instance:ActorsTest@35f983a6]" name="findAllActorsWithSizeAndCurrentPlays" duration-ms="30" started-at="2016-12-20T16:35:44Z" finished-at="2016-12-20T16:35:44Z">
          <reporter-output>
          </reporter-output>
        </test-method> <!-- findAllActorsWithSizeAndCurrentPlays -->
        <test-method status="PASS" signature="updateExistingActorTest()[pri:0, instance:ActorsTest@35f983a6]" name="updateExistingActorTest" duration-ms="608" started-at="2016-12-20T16:35:44Z" finished-at="2016-12-20T16:35:44Z">
          <reporter-output>
          </reporter-output>
        </test-method> <!-- updateExistingActorTest -->
        <test-method status="PASS" signature="deleteActorTest()[pri:0, instance:ActorsTest@35f983a6]" name="deleteActorTest" is-config="true" duration-ms="211" started-at="2016-12-20T16:35:44Z" finished-at="2016-12-20T16:35:44Z">
          <reporter-output>
          </reporter-output>
        </test-method> <!-- deleteActorTest -->
      </class> <!-- ActorsTest -->
    </test> <!-- Surefire test -->
  </suite> <!-- Surefire suite -->
</testng-results>
